<?xml version="1.0" encoding="UTF-8"?>
<!-- Generated by org.testng.reporters.JUnitReportReporter -->
<testsuite hostname="DESKTOP-NN7A876" failures="0" tests="3" name="Selenium.selenium" time="54.327" errors="0" timestamp="24 Apr 2024 09:33:00 GMT" skipped="0">
  <testcase classname="Selenium.selenium" name="logIn" time="38.177"/>
  <testcase classname="Selenium.selenium" name="About" time="13.485"/>
  <testcase classname="Selenium.selenium" name="contact" time="2.665"/>
</testsuite> <!-- Selenium.selenium -->
